# JRE version: OpenJDK Runtime Environment Temurin-17.0.8.1+1 (17.0.8.1+1) (build 17.0.8.1+1)
# Java VM: OpenJDK 64-Bit Server VM Temurin-17.0.8.1+1 (17.0.8.1+1, mixed mode, emulated-client, tiered, compressed oops, compressed class ptrs, g1 gc, windows-amd64)
GC Precious Log:
 CPUs: 12 total, 12 available
 Memory: 5996M
 Large Page Support: Disabled
 NUMA Support: Disabled
 Compressed Oops: Enabled (32-bit)
 Heap Region Size: 1M
 Heap Min Capacity: 8M
 Heap Initial Capacity: 94M
 Heap Max Capacity: 1G
 Pre-touch: Disabled
 Parallel Workers: 10
 Concurrent Workers: 3
 Concurrent Refinement Workers: 10
 Periodic GC: Disabled
Heap:
 garbage-first heap   total 119808K, used 34862K [0x00000000c0000000, 0x0000000100000000)
  region size 1024K, 1 young (1024K), 0 survivors (0K)
 Metaspace       used 60008K, committed 60608K, reserved 1114112K
  class space    used 7803K, committed 8064K, reserved 1048576K
GC Heap History (20 events):
Event: 75751.915 GC heap before
{Heap before GC invocations=1167 (full 650):
 garbage-first heap   total 119808K, used 34862K [0x00000000c0000000, 0x0000000100000000)
  region size 1024K, 1 young (1024K), 0 survivors (0K)
 Metaspace       used 60008K, committed 60608K, reserved 1114112K
  class space    used 7803K, committed 8064K, reserved 1048576K
}
Event: 75751.951 GC heap after
{Heap after GC invocations=1168 (full 651):
 garbage-first heap   total 119808K, used 34862K [0x00000000c0000000, 0x0000000100000000)
  region size 1024K, 0 young (0K), 0 survivors (0K)
 Metaspace       used 60008K, committed 60608K, reserved 1114112K
  class space    used 7803K, committed 8064K, reserved 1048576K
}
Event: 75762.076 GC heap before
{Heap before GC invocations=1168 (full 651):
 garbage-first heap   total 119808K, used 34862K [0x00000000c0000000, 0x0000000100000000)
  region size 1024K, 1 young (1024K), 0 survivors (0K)
 Metaspace       used 60008K, committed 60608K, reserved 1114112K
  class space    used 7803K, committed 8064K, reserved 1048576K
}
Event: 75762.110 GC heap after
{Heap after GC invocations=1169 (full 652):
 garbage-first heap   total 119808K, used 34862K [0x00000000c0000000, 0x0000000100000000)
  region size 1024K, 0 young (0K), 0 survivors (0K)
 Metaspace       used 60008K, committed 60608K, reserved 1114112K
  class space    used 7803K, committed 8064K, reserved 1048576K
}
Event: 75772.234 GC heap before
{Heap before GC invocations=1169 (full 652):
 garbage-first heap   total 119808K, used 34862K [0x00000000c0000000, 0x0000000100000000)
  region size 1024K, 1 young (1024K), 0 survivors (0K)
 Metaspace       used 60008K, committed 60608K, reserved 1114112K
  class space    used 7803K, committed 8064K, reserved 1048576K
}
Event: 75772.273 GC heap after
{Heap after GC invocations=1170 (full 653):
 garbage-first heap   total 119808K, used 34862K [0x00000000c0000000, 0x0000000100000000)
  region size 1024K, 0 young (0K), 0 survivors (0K)
 Metaspace       used 60008K, committed 60608K, reserved 1114112K
  class space    used 7803K, committed 8064K, reserved 1048576K
}
Event: 75782.420 GC heap before
{Heap before GC invocations=1170 (full 653):
 garbage-first heap   total 119808K, used 34862K [0x00000000c0000000, 0x0000000100000000)
  region size 1024K, 1 young (1024K), 0 survivors (0K)
 Metaspace       used 60008K, committed 60608K, reserved 1114112K
  class space    used 7803K, committed 8064K, reserved 1048576K
}
Event: 75782.454 GC heap after
{Heap after GC invocations=1171 (full 654):
 garbage-first heap   total 119808K, used 34862K [0x00000000c0000000, 0x0000000100000000)
  region size 1024K, 0 young (0K), 0 survivors (0K)
 Metaspace       used 60008K, committed 60608K, reserved 1114112K
  class space    used 7803K, committed 8064K, reserved 1048576K
}
Event: 75792.601 GC heap before
{Heap before GC invocations=1171 (full 654):
 garbage-first heap   total 119808K, used 34862K [0x00000000c0000000, 0x0000000100000000)
  region size 1024K, 1 young (1024K), 0 survivors (0K)
 Metaspace       used 60008K, committed 60608K, reserved 1114112K
  class space    used 7803K, committed 8064K, reserved 1048576K
}
Event: 75792.638 GC heap after
{Heap after GC invocations=1172 (full 655):
 garbage-first heap   total 119808K, used 34862K [0x00000000c0000000, 0x0000000100000000)
  region size 1024K, 0 young (0K), 0 survivors (0K)
 Metaspace       used 60008K, committed 60608K, reserved 1114112K
  class space    used 7803K, committed 8064K, reserved 1048576K
}
Event: 75802.760 GC heap before
{Heap before GC invocations=1172 (full 655):
 garbage-first heap   total 119808K, used 34862K [0x00000000c0000000, 0x0000000100000000)
  region size 1024K, 1 young (1024K), 0 survivors (0K)
 Metaspace       used 60008K, committed 60608K, reserved 1114112K
  class space    used 7803K, committed 8064K, reserved 1048576K
}
Event: 75802.794 GC heap after
{Heap after GC invocations=1173 (full 656):
 garbage-first heap   total 119808K, used 34862K [0x00000000c0000000, 0x0000000100000000)
  region size 1024K, 0 young (0K), 0 survivors (0K)
 Metaspace       used 60008K, committed 60608K, reserved 1114112K
  class space    used 7803K, committed 8064K, reserved 1048576K
}
Event: 75812.945 GC heap before
{Heap before GC invocations=1173 (full 656):
 garbage-first heap   total 119808K, used 34862K [0x00000000c0000000, 0x0000000100000000)
  region size 1024K, 1 young (1024K), 0 survivors (0K)
 Metaspace       used 60008K, committed 60608K, reserved 1114112K
  class space    used 7803K, committed 8064K, reserved 1048576K
}
Event: 75812.984 GC heap after
{Heap after GC invocations=1174 (full 657):
 garbage-first heap   total 119808K, used 34862K [0x00000000c0000000, 0x0000000100000000)
  region size 1024K, 0 young (0K), 0 survivors (0K)
 Metaspace       used 60008K, committed 60608K, reserved 1114112K
  class space    used 7803K, committed 8064K, reserved 1048576K
}
Event: 75823.108 GC heap before
{Heap before GC invocations=1174 (full 657):
 garbage-first heap   total 119808K, used 34862K [0x00000000c0000000, 0x0000000100000000)
  region size 1024K, 1 young (1024K), 0 survivors (0K)
 Metaspace       used 60008K, committed 60608K, reserved 1114112K
  class space    used 7803K, committed 8064K, reserved 1048576K
}
Event: 75823.143 GC heap after
{Heap after GC invocations=1175 (full 658):
 garbage-first heap   total 119808K, used 34862K [0x00000000c0000000, 0x0000000100000000)
  region size 1024K, 0 young (0K), 0 survivors (0K)
 Metaspace       used 60008K, committed 60608K, reserved 1114112K
  class space    used 7803K, committed 8064K, reserved 1048576K
}
Event: 75833.282 GC heap before
{Heap before GC invocations=1175 (full 658):
 garbage-first heap   total 119808K, used 34862K [0x00000000c0000000, 0x0000000100000000)
  region size 1024K, 1 young (1024K), 0 survivors (0K)
 Metaspace       used 60008K, committed 60608K, reserved 1114112K
  class space    used 7803K, committed 8064K, reserved 1048576K
}
Event: 75833.317 GC heap after
{Heap after GC invocations=1176 (full 659):
 garbage-first heap   total 119808K, used 34862K [0x00000000c0000000, 0x0000000100000000)
  region size 1024K, 0 young (0K), 0 survivors (0K)
 Metaspace       used 60008K, committed 60608K, reserved 1114112K
  class space    used 7803K, committed 8064K, reserved 1048576K
}
Event: 75843.453 GC heap before
{Heap before GC invocations=1176 (full 659):
 garbage-first heap   total 119808K, used 34862K [0x00000000c0000000, 0x0000000100000000)
  region size 1024K, 1 young (1024K), 0 survivors (0K)
 Metaspace       used 60008K, committed 60608K, reserved 1114112K
  class space    used 7803K, committed 8064K, reserved 1048576K
}
Event: 75843.489 GC heap after
{Heap after GC invocations=1177 (full 660):
 garbage-first heap   total 119808K, used 34862K [0x00000000c0000000, 0x0000000100000000)
  region size 1024K, 0 young (0K), 0 survivors (0K)
 Metaspace       used 60008K, committed 60608K, reserved 1114112K
  class space    used 7803K, committed 8064K, reserved 1048576K
}

